\BOOKMARK [0][-]{section*.2}{\376\377\000T\000h\000e\000\040\000G\000e\000o\000m\000e\000t\000r\000i\000c\000\040\000A\000t\000o\000m\000:\000\040\000A\000\040\000S\000c\000a\000l\000a\000b\000l\000e\000\040\000D\000i\000s\000c\000r\000e\000t\000e\000\040\000V\000a\000r\000i\000a\000b\000l\000e\000\040\000R\000e\000p\000r\000e\000s\000e\000n\000t\000a\000t\000i\000o\000n\000\040\000f\000o\000r\000\040\000R\000y\000d\000b\000e\000r\000g\000\040\000A\000t\000o\000m\000\040\000D\000y\000n\000a\000m\000i\000c\000s}{}% 2
\BOOKMARK [1][-]{section*.1}{\376\377\000A\000b\000s\000t\000r\000a\000c\000t}{section*.2}% 1
\BOOKMARK [1][-]{section*.3}{\376\377\000I\000n\000t\000r\000o\000d\000u\000c\000t\000i\000o\000n}{section*.2}% 3
\BOOKMARK [2][-]{section*.4}{\376\377\000T\000h\000e\000\040\000R\000y\000d\000b\000e\000r\000g\000\040\000A\000t\000o\000m\000\040\000C\000h\000a\000l\000l\000e\000n\000g\000e}{section*.3}% 4
\BOOKMARK [2][-]{section*.5}{\376\377\000T\000h\000e\000\040\000G\000e\000o\000m\000e\000t\000r\000i\000c\000\040\000S\000o\000l\000u\000t\000i\000o\000n}{section*.3}% 5
\BOOKMARK [2][-]{section*.6}{\376\377\000C\000o\000n\000t\000r\000i\000b\000u\000t\000i\000o\000n\000s}{section*.3}% 6
\BOOKMARK [1][-]{section*.7}{\376\377\000T\000h\000e\000\040\000P\000a\000r\000a\000b\000o\000l\000i\000c\000\040\000G\000e\000o\000m\000e\000t\000r\000y}{section*.2}% 7
\BOOKMARK [2][-]{section*.8}{\376\377\000C\000o\000o\000r\000d\000i\000n\000a\000t\000e\000\040\000M\000a\000p\000p\000i\000n\000g}{section*.7}% 8
\BOOKMARK [2][-]{section*.9}{\376\377\000P\000h\000y\000s\000i\000c\000a\000l\000\040\000I\000n\000t\000e\000r\000p\000r\000e\000t\000a\000t\000i\000o\000n}{section*.7}% 9
\BOOKMARK [2][-]{section*.10}{\376\377\000S\000c\000a\000l\000i\000n\000g\000\040\000C\000o\000m\000p\000a\000r\000i\000s\000o\000n}{section*.7}% 10
\BOOKMARK [1][-]{section*.11}{\376\377\000T\000h\000e\000\040\000A\000l\000g\000e\000b\000r\000a\000i\000c\000\040\000S\000t\000r\000u\000c\000t\000u\000r\000e}{section*.2}% 11
\BOOKMARK [2][-]{section*.12}{\376\377\000A\000n\000g\000u\000l\000a\000r\000\040\000O\000p\000e\000r\000a\000t\000o\000r\000s\000:\000\040\000S\000U\000\050\0002\000\051}{section*.11}% 12
\BOOKMARK [2][-]{section*.13}{\376\377\000R\000a\000d\000i\000a\000l\000\040\000O\000p\000e\000r\000a\000t\000o\000r\000s\000:\000\040\000M\000o\000d\000i\000f\000i\000e\000d\000\040\000S\000U\000\050\0001\000,\0001\000\051}{section*.11}% 13
\BOOKMARK [2][-]{section*.14}{\376\377\000T\000h\000e\000\040\000R\000a\000d\000i\000a\000l\000\040\000C\000o\000m\000m\000u\000t\000a\000t\000o\000r\000\040\000S\000t\000r\000u\000c\000t\000u\000r\000e}{section*.11}% 14
\BOOKMARK [2][-]{section*.15}{\376\377\000C\000r\000o\000s\000s\000-\000C\000o\000m\000m\000u\000t\000a\000t\000i\000o\000n}{section*.11}% 15
\BOOKMARK [1][-]{section*.16}{\376\377\000P\000h\000y\000s\000i\000c\000s\000\040\000V\000a\000l\000i\000d\000a\000t\000i\000o\000n}{section*.2}% 16
\BOOKMARK [2][-]{section*.17}{\376\377\000E\000n\000e\000r\000g\000y\000\040\000S\000p\000e\000c\000t\000r\000u\000m}{section*.16}% 17
\BOOKMARK [2][-]{section*.18}{\376\377\000S\000p\000e\000c\000t\000r\000a\000l\000\040\000G\000a\000p\000s\000:\000\040\000L\000y\000m\000a\000n\000-\000A\000l\000p\000h\000a}{section*.16}% 18
\BOOKMARK [2][-]{section*.19}{\376\377\000I\000m\000p\000l\000e\000m\000e\000n\000t\000a\000t\000i\000o\000n\000\040\000D\000e\000t\000a\000i\000l\000s}{section*.16}% 19
\BOOKMARK [1][-]{section*.20}{\376\377\000A\000l\000g\000e\000b\000r\000a\000i\000c\000\040\000V\000a\000l\000i\000d\000a\000t\000i\000o\000n}{section*.2}% 20
\BOOKMARK [2][-]{section*.21}{\376\377\000S\000e\000l\000e\000c\000t\000i\000o\000n\000\040\000R\000u\000l\000e\000s}{section*.20}% 21
\BOOKMARK [1][-]{section*.22}{\376\377\000D\000i\000s\000c\000u\000s\000s\000i\000o\000n}{section*.2}% 22
\BOOKMARK [2][-]{section*.23}{\376\377\000P\000r\000a\000c\000t\000i\000c\000a\000l\000\040\000A\000p\000p\000l\000i\000c\000a\000t\000i\000o\000n\000s}{section*.22}% 23
\BOOKMARK [3][-]{section*.24}{\376\377\000R\000y\000d\000b\000e\000r\000g\000\040\000A\000t\000o\000m\000\040\000S\000i\000m\000u\000l\000a\000t\000i\000o\000n\000s}{section*.23}% 24
\BOOKMARK [3][-]{section*.25}{\376\377\000P\000e\000d\000a\000g\000o\000g\000i\000c\000a\000l\000\040\000T\000o\000o\000l}{section*.23}% 25
\BOOKMARK [2][-]{section*.26}{\376\377\000L\000i\000m\000i\000t\000a\000t\000i\000o\000n\000s\000\040\000a\000n\000d\000\040\000E\000x\000t\000e\000n\000s\000i\000o\000n\000s}{section*.22}% 26
\BOOKMARK [3][-]{section*.27}{\376\377\000D\000i\000p\000o\000l\000e\000\040\000T\000r\000a\000n\000s\000i\000t\000i\000o\000n\000s\000\040\000A\000c\000r\000o\000s\000s\000\040\000l}{section*.26}% 27
\BOOKMARK [3][-]{section*.28}{\376\377\000M\000u\000l\000t\000i\000-\000E\000l\000e\000c\000t\000r\000o\000n\000\040\000A\000t\000o\000m\000s}{section*.26}% 28
\BOOKMARK [3][-]{section*.29}{\376\377\000M\000a\000g\000n\000e\000t\000i\000c\000\040\000F\000i\000e\000l\000d\000s}{section*.26}% 29
\BOOKMARK [2][-]{section*.30}{\376\377\000R\000e\000l\000a\000t\000i\000o\000n\000s\000h\000i\000p\000\040\000t\000o\000\040\000D\000V\000R\000\040\000M\000e\000t\000h\000o\000d\000s}{section*.22}% 30
\BOOKMARK [2][-]{section*.31}{\376\377\000C\000o\000n\000c\000e\000p\000t\000u\000a\000l\000\040\000S\000h\000i\000f\000t}{section*.22}% 31
\BOOKMARK [1][-]{section*.32}{\376\377\000C\000o\000n\000c\000l\000u\000s\000i\000o\000n}{section*.2}% 32
\BOOKMARK [1][-]{section*.33}{\376\377\000A\000c\000k\000n\000o\000w\000l\000e\000d\000g\000m\000e\000n\000t\000s}{section*.2}% 33
\BOOKMARK [1][-]{section*.34}{\376\377\000R\000e\000f\000e\000r\000e\000n\000c\000e\000s}{section*.2}% 34
